# JRE version: Java(TM) SE Runtime Environment (17.0.2+8) (build 17.0.2+8-LTS-86)
# Java VM: Java HotSpot(TM) 64-Bit Server VM (17.0.2+8-LTS-86, mixed mode, sharing, tiered, compressed oops, compressed class ptrs, parallel gc, windows-amd64)
GC Precious Log:
 CPUs: 8 total, 8 available
 Memory: 8025M
 Large Page Support: Disabled
 NUMA Support: Disabled
 Compressed Oops: Enabled (32-bit)
 Alignments: Space 512K, Generation 512K, Heap 2M
 Heap Min Capacity: 8M
 Heap Initial Capacity: 126M
 Heap Max Capacity: 2008M
 Pre-touch: Disabled
 Parallel Workers: 8
Heap:
 PSYoungGen      total 39424K, used 16281K [0x00000000d6300000, 0x00000000d9500000, 0x0000000100000000)
  eden space 28672K, 29% used [0x00000000d6300000,0x00000000d6b30c08,0x00000000d7f00000)
  from space 10752K, 73% used [0x00000000d7f80000,0x00000000d87359b0,0x00000000d8a00000)
  to   space 11264K, 0% used [0x00000000d8a00000,0x00000000d8a00000,0x00000000d9500000)
 ParOldGen       total 86016K, used 30014K [0x0000000082800000, 0x0000000087c00000, 0x00000000d6300000)
  object space 86016K, 34% used [0x0000000082800000,0x000000008454fb20,0x0000000087c00000)
 Metaspace       used 63204K, committed 63616K, reserved 1105920K
  class space    used 9659K, committed 9856K, reserved 1048576K
GC Heap History (20 events):
Event: 11.788 GC heap before
{Heap before GC invocations=7 (full 1):
 PSYoungGen      total 37376K, used 37367K [0x00000000d6300000, 0x00000000d9480000, 0x0000000100000000)
  eden space 32256K, 100% used [0x00000000d6300000,0x00000000d8280000,0x00000000d8280000)
  from space 5120K, 99% used [0x00000000d8300000,0x00000000d87fde98,0x00000000d8800000)
  to   space 9216K, 0% used [0x00000000d8b80000,0x00000000d8b80000,0x00000000d9480000)
 ParOldGen       total 86016K, used 11879K [0x0000000082800000, 0x0000000087c00000, 0x00000000d6300000)
  object space 86016K, 13% used [0x0000000082800000,0x0000000083399fc8,0x0000000087c00000)
 Metaspace       used 34329K, committed 34688K, reserved 1081344K
  class space    used 5673K, committed 5824K, reserved 1048576K
}
Event: 11.794 GC heap after
{Heap after GC invocations=7 (full 1):
 PSYoungGen      total 40448K, used 8818K [0x00000000d6300000, 0x00000000d9600000, 0x0000000100000000)
  eden space 31232K, 0% used [0x00000000d6300000,0x00000000d6300000,0x00000000d8180000)
  from space 9216K, 95% used [0x00000000d8b80000,0x00000000d941c860,0x00000000d9480000)
  to   space 10240K, 0% used [0x00000000d8180000,0x00000000d8180000,0x00000000d8b80000)
 ParOldGen       total 86016K, used 11887K [0x0000000082800000, 0x0000000087c00000, 0x00000000d6300000)
  object space 86016K, 13% used [0x0000000082800000,0x000000008339bfc8,0x0000000087c00000)
 Metaspace       used 34329K, committed 34688K, reserved 1081344K
  class space    used 5673K, committed 5824K, reserved 1048576K
}
Event: 12.207 GC heap before
{Heap before GC invocations=8 (full 1):
 PSYoungGen      total 40448K, used 19975K [0x00000000d6300000, 0x00000000d9600000, 0x0000000100000000)
  eden space 31232K, 35% used [0x00000000d6300000,0x00000000d6de5550,0x00000000d8180000)
  from space 9216K, 95% used [0x00000000d8b80000,0x00000000d941c860,0x00000000d9480000)
  to   space 10240K, 0% used [0x00000000d8180000,0x00000000d8180000,0x00000000d8b80000)
 ParOldGen       total 86016K, used 11887K [0x0000000082800000, 0x0000000087c00000, 0x00000000d6300000)
  object space 86016K, 13% used [0x0000000082800000,0x000000008339bfc8,0x0000000087c00000)
 Metaspace       used 35514K, committed 35840K, reserved 1081344K
  class space    used 5926K, committed 6080K, reserved 1048576K
}
Event: 12.212 GC heap after
{Heap after GC invocations=8 (full 1):
 PSYoungGen      total 41472K, used 9311K [0x00000000d6300000, 0x00000000d9800000, 0x0000000100000000)
  eden space 31232K, 0% used [0x00000000d6300000,0x00000000d6300000,0x00000000d8180000)
  from space 10240K, 90% used [0x00000000d8180000,0x00000000d8a97ce8,0x00000000d8b80000)
  to   space 11264K, 0% used [0x00000000d8d00000,0x00000000d8d00000,0x00000000d9800000)
 ParOldGen       total 86016K, used 11895K [0x0000000082800000, 0x0000000087c00000, 0x00000000d6300000)
  object space 86016K, 13% used [0x0000000082800000,0x000000008339dfc8,0x0000000087c00000)
 Metaspace       used 35514K, committed 35840K, reserved 1081344K
  class space    used 5926K, committed 6080K, reserved 1048576K
}
Event: 12.212 GC heap before
{Heap before GC invocations=9 (full 2):
 PSYoungGen      total 41472K, used 9311K [0x00000000d6300000, 0x00000000d9800000, 0x0000000100000000)
  eden space 31232K, 0% used [0x00000000d6300000,0x00000000d6300000,0x00000000d8180000)
  from space 10240K, 90% used [0x00000000d8180000,0x00000000d8a97ce8,0x00000000d8b80000)
  to   space 11264K, 0% used [0x00000000d8d00000,0x00000000d8d00000,0x00000000d9800000)
 ParOldGen       total 86016K, used 11895K [0x0000000082800000, 0x0000000087c00000, 0x00000000d6300000)
  object space 86016K, 13% used [0x0000000082800000,0x000000008339dfc8,0x0000000087c00000)
 Metaspace       used 35514K, committed 35840K, reserved 1081344K
  class space    used 5926K, committed 6080K, reserved 1048576K
}
Event: 12.266 GC heap after
{Heap after GC invocations=9 (full 2):
 PSYoungGen      total 41472K, used 0K [0x00000000d6300000, 0x00000000d9800000, 0x0000000100000000)
  eden space 31232K, 0% used [0x00000000d6300000,0x00000000d6300000,0x00000000d8180000)
  from space 10240K, 0% used [0x00000000d8180000,0x00000000d8180000,0x00000000d8b80000)
  to   space 11264K, 0% used [0x00000000d8d00000,0x00000000d8d00000,0x00000000d9800000)
 ParOldGen       total 86016K, used 19016K [0x0000000082800000, 0x0000000087c00000, 0x00000000d6300000)
  object space 86016K, 22% used [0x0000000082800000,0x0000000083a923d8,0x0000000087c00000)
 Metaspace       used 35431K, committed 35840K, reserved 1081344K
  class space    used 5902K, committed 6080K, reserved 1048576K
}
Event: 18.473 GC heap before
{Heap before GC invocations=10 (full 2):
 PSYoungGen      total 41472K, used 31232K [0x00000000d6300000, 0x00000000d9800000, 0x0000000100000000)
  eden space 31232K, 100% used [0x00000000d6300000,0x00000000d8180000,0x00000000d8180000)
  from space 10240K, 0% used [0x00000000d8180000,0x00000000d8180000,0x00000000d8b80000)
  to   space 11264K, 0% used [0x00000000d8d00000,0x00000000d8d00000,0x00000000d9800000)
 ParOldGen       total 86016K, used 19016K [0x0000000082800000, 0x0000000087c00000, 0x00000000d6300000)
  object space 86016K, 22% used [0x0000000082800000,0x0000000083a923d8,0x0000000087c00000)
 Metaspace       used 41981K, committed 42432K, reserved 1089536K
  class space    used 6849K, committed 7040K, reserved 1048576K
}
Event: 18.477 GC heap after
{Heap after GC invocations=10 (full 2):
 PSYoungGen      total 40960K, used 5558K [0x00000000d6300000, 0x00000000d9700000, 0x0000000100000000)
  eden space 30720K, 0% used [0x00000000d6300000,0x00000000d6300000,0x00000000d8100000)
  from space 10240K, 54% used [0x00000000d8d00000,0x00000000d926d878,0x00000000d9700000)
  to   space 11264K, 0% used [0x00000000d8100000,0x00000000d8100000,0x00000000d8c00000)
 ParOldGen       total 86016K, used 19024K [0x0000000082800000, 0x0000000087c00000, 0x00000000d6300000)
  object space 86016K, 22% used [0x0000000082800000,0x0000000083a943d8,0x0000000087c00000)
 Metaspace       used 41981K, committed 42432K, reserved 1089536K
  class space    used 6849K, committed 7040K, reserved 1048576K
}
Event: 65.099 GC heap before
{Heap before GC invocations=11 (full 2):
 PSYoungGen      total 40960K, used 36278K [0x00000000d6300000, 0x00000000d9700000, 0x0000000100000000)
  eden space 30720K, 100% used [0x00000000d6300000,0x00000000d8100000,0x00000000d8100000)
  from space 10240K, 54% used [0x00000000d8d00000,0x00000000d926d878,0x00000000d9700000)
  to   space 11264K, 0% used [0x00000000d8100000,0x00000000d8100000,0x00000000d8c00000)
 ParOldGen       total 86016K, used 19024K [0x0000000082800000, 0x0000000087c00000, 0x00000000d6300000)
  object space 86016K, 22% used [0x0000000082800000,0x0000000083a943d8,0x0000000087c00000)
 Metaspace       used 45018K, committed 45376K, reserved 1089536K
  class space    used 7283K, committed 7424K, reserved 1048576K
}
Event: 65.103 GC heap after
{Heap after GC invocations=11 (full 2):
 PSYoungGen      total 36352K, used 5948K [0x00000000d6300000, 0x00000000d9580000, 0x0000000100000000)
  eden space 30208K, 0% used [0x00000000d6300000,0x00000000d6300000,0x00000000d8080000)
  from space 6144K, 96% used [0x00000000d8100000,0x00000000d86cf198,0x00000000d8700000)
  to   space 10752K, 0% used [0x00000000d8b00000,0x00000000d8b00000,0x00000000d9580000)
 ParOldGen       total 86016K, used 19032K [0x0000000082800000, 0x0000000087c00000, 0x00000000d6300000)
  object space 86016K, 22% used [0x0000000082800000,0x0000000083a963d8,0x0000000087c00000)
 Metaspace       used 45018K, committed 45376K, reserved 1089536K
  class space    used 7283K, committed 7424K, reserved 1048576K
}
Event: 66.624 GC heap before
{Heap before GC invocations=12 (full 2):
 PSYoungGen      total 36352K, used 36156K [0x00000000d6300000, 0x00000000d9580000, 0x0000000100000000)
  eden space 30208K, 100% used [0x00000000d6300000,0x00000000d8080000,0x00000000d8080000)
  from space 6144K, 96% used [0x00000000d8100000,0x00000000d86cf198,0x00000000d8700000)
  to   space 10752K, 0% used [0x00000000d8b00000,0x00000000d8b00000,0x00000000d9580000)
 ParOldGen       total 86016K, used 19032K [0x0000000082800000, 0x0000000087c00000, 0x00000000d6300000)
  object space 86016K, 22% used [0x0000000082800000,0x0000000083a963d8,0x0000000087c00000)
 Metaspace       used 54419K, committed 54848K, reserved 1097728K
  class space    used 8581K, committed 8768K, reserved 1048576K
}
Event: 66.631 GC heap after
{Heap after GC invocations=12 (full 2):
 PSYoungGen      total 39936K, used 3688K [0x00000000d6300000, 0x00000000d9500000, 0x0000000100000000)
  eden space 29696K, 0% used [0x00000000d6300000,0x00000000d6300000,0x00000000d8000000)
  from space 10240K, 36% used [0x00000000d8b00000,0x00000000d8e9a238,0x00000000d9500000)
  to   space 10752K, 0% used [0x00000000d8000000,0x00000000d8000000,0x00000000d8a80000)
 ParOldGen       total 86016K, used 23522K [0x0000000082800000, 0x0000000087c00000, 0x00000000d6300000)
  object space 86016K, 27% used [0x0000000082800000,0x0000000083ef88c0,0x0000000087c00000)
 Metaspace       used 54419K, committed 54848K, reserved 1097728K
  class space    used 8581K, committed 8768K, reserved 1048576K
}
Event: 68.057 GC heap before
{Heap before GC invocations=13 (full 2):
 PSYoungGen      total 39936K, used 19536K [0x00000000d6300000, 0x00000000d9500000, 0x0000000100000000)
  eden space 29696K, 53% used [0x00000000d6300000,0x00000000d7279e18,0x00000000d8000000)
  from space 10240K, 36% used [0x00000000d8b00000,0x00000000d8e9a238,0x00000000d9500000)
  to   space 10752K, 0% used [0x00000000d8000000,0x00000000d8000000,0x00000000d8a80000)
 ParOldGen       total 86016K, used 23522K [0x0000000082800000, 0x0000000087c00000, 0x00000000d6300000)
  object space 86016K, 27% used [0x0000000082800000,0x0000000083ef88c0,0x0000000087c00000)
 Metaspace       used 59390K, committed 59776K, reserved 1105920K
  class space    used 9239K, committed 9408K, reserved 1048576K
}
Event: 68.074 GC heap after
{Heap after GC invocations=13 (full 2):
 PSYoungGen      total 40448K, used 1725K [0x00000000d6300000, 0x00000000d9600000, 0x0000000100000000)
  eden space 29696K, 0% used [0x00000000d6300000,0x00000000d6300000,0x00000000d8000000)
  from space 10752K, 16% used [0x00000000d8000000,0x00000000d81af768,0x00000000d8a80000)
  to   space 11264K, 0% used [0x00000000d8b00000,0x00000000d8b00000,0x00000000d9600000)
 ParOldGen       total 86016K, used 26922K [0x0000000082800000, 0x0000000087c00000, 0x00000000d6300000)
  object space 86016K, 31% used [0x0000000082800000,0x000000008424a980,0x0000000087c00000)
 Metaspace       used 59390K, committed 59776K, reserved 1105920K
  class space    used 9239K, committed 9408K, reserved 1048576K
}
Event: 68.074 GC heap before
{Heap before GC invocations=14 (full 3):
 PSYoungGen      total 40448K, used 1725K [0x00000000d6300000, 0x00000000d9600000, 0x0000000100000000)
  eden space 29696K, 0% used [0x00000000d6300000,0x00000000d6300000,0x00000000d8000000)
  from space 10752K, 16% used [0x00000000d8000000,0x00000000d81af768,0x00000000d8a80000)
  to   space 11264K, 0% used [0x00000000d8b00000,0x00000000d8b00000,0x00000000d9600000)
 ParOldGen       total 86016K, used 26922K [0x0000000082800000, 0x0000000087c00000, 0x00000000d6300000)
  object space 86016K, 31% used [0x0000000082800000,0x000000008424a980,0x0000000087c00000)
 Metaspace       used 59390K, committed 59776K, reserved 1105920K
  class space    used 9239K, committed 9408K, reserved 1048576K
}
Event: 68.143 GC heap after
{Heap after GC invocations=14 (full 3):
 PSYoungGen      total 40448K, used 0K [0x00000000d6300000, 0x00000000d9600000, 0x0000000100000000)
  eden space 29696K, 0% used [0x00000000d6300000,0x00000000d6300000,0x00000000d8000000)
  from space 10752K, 0% used [0x00000000d8000000,0x00000000d8000000,0x00000000d8a80000)
  to   space 11264K, 0% used [0x00000000d8b00000,0x00000000d8b00000,0x00000000d9600000)
 ParOldGen       total 86016K, used 25446K [0x0000000082800000, 0x0000000087c00000, 0x00000000d6300000)
  object space 86016K, 29% used [0x0000000082800000,0x00000000840d9ba8,0x0000000087c00000)
 Metaspace       used 59370K, committed 59776K, reserved 1105920K
  class space    used 9233K, committed 9408K, reserved 1048576K
}
Event: 69.208 GC heap before
{Heap before GC invocations=15 (full 3):
 PSYoungGen      total 40448K, used 29696K [0x00000000d6300000, 0x00000000d9600000, 0x0000000100000000)
  eden space 29696K, 100% used [0x00000000d6300000,0x00000000d8000000,0x00000000d8000000)
  from space 10752K, 0% used [0x00000000d8000000,0x00000000d8000000,0x00000000d8a80000)
  to   space 11264K, 0% used [0x00000000d8b00000,0x00000000d8b00000,0x00000000d9600000)
 ParOldGen       total 86016K, used 25446K [0x0000000082800000, 0x0000000087c00000, 0x00000000d6300000)
  object space 86016K, 29% used [0x0000000082800000,0x00000000840d9ba8,0x0000000087c00000)
 Metaspace       used 63113K, committed 63552K, reserved 1105920K
  class space    used 9659K, committed 9856K, reserved 1048576K
}
Event: 69.212 GC heap after
{Heap after GC invocations=15 (full 3):
 PSYoungGen      total 38912K, used 4793K [0x00000000d6300000, 0x00000000d9480000, 0x0000000100000000)
  eden space 29184K, 0% used [0x00000000d6300000,0x00000000d6300000,0x00000000d7f80000)
  from space 9728K, 49% used [0x00000000d8b00000,0x00000000d8fae690,0x00000000d9480000)
  to   space 10752K, 0% used [0x00000000d7f80000,0x00000000d7f80000,0x00000000d8a00000)
 ParOldGen       total 86016K, used 25454K [0x0000000082800000, 0x0000000087c00000, 0x00000000d6300000)
  object space 86016K, 29% used [0x0000000082800000,0x00000000840dbba8,0x0000000087c00000)
 Metaspace       used 63113K, committed 63552K, reserved 1105920K
  class space    used 9659K, committed 9856K, reserved 1048576K
}
Event: 69.852 GC heap before
{Heap before GC invocations=16 (full 3):
 PSYoungGen      total 38912K, used 33977K [0x00000000d6300000, 0x00000000d9480000, 0x0000000100000000)
  eden space 29184K, 99% used [0x00000000d6300000,0x00000000d7f7ff68,0x00000000d7f80000)
  from space 9728K, 49% used [0x00000000d8b00000,0x00000000d8fae690,0x00000000d9480000)
  to   space 10752K, 0% used [0x00000000d7f80000,0x00000000d7f80000,0x00000000d8a00000)
 ParOldGen       total 86016K, used 25454K [0x0000000082800000, 0x0000000087c00000, 0x00000000d6300000)
  object space 86016K, 29% used [0x0000000082800000,0x00000000840dbba8,0x0000000087c00000)
 Metaspace       used 63198K, committed 63616K, reserved 1105920K
  class space    used 9659K, committed 9856K, reserved 1048576K
}
Event: 69.858 GC heap after
{Heap after GC invocations=16 (full 3):
 PSYoungGen      total 39424K, used 7894K [0x00000000d6300000, 0x00000000d9500000, 0x0000000100000000)
  eden space 28672K, 0% used [0x00000000d6300000,0x00000000d6300000,0x00000000d7f00000)
  from space 10752K, 73% used [0x00000000d7f80000,0x00000000d87359b0,0x00000000d8a00000)
  to   space 11264K, 0% used [0x00000000d8a00000,0x00000000d8a00000,0x00000000d9500000)
 ParOldGen       total 86016K, used 30014K [0x0000000082800000, 0x0000000087c00000, 0x00000000d6300000)
  object space 86016K, 34% used [0x0000000082800000,0x000000008454fb20,0x0000000087c00000)
 Metaspace       used 63198K, committed 63616K, reserved 1105920K
  class space    used 9659K, committed 9856K, reserved 1048576K
}

